[ERROR] 2016-05-29 00:29:33,560                  util.MenuUtil 创建菜单失败 errcode:40054 errmsg:invalid sub button url domain hint: [FOXQTA0973vr18]
[INFO ] 2016-05-29 00:29:33,560 org.liufeng.weixin.main.MenuManager 菜单创建失败！
[ERROR] 2016-05-29 00:29:55,921                  util.MenuUtil 创建菜单失败 errcode:40054 errmsg:invalid sub button url domain hint: [2xN7la0996vr22]
[INFO ] 2016-05-29 00:29:55,921 org.liufeng.weixin.main.MenuManager 菜单创建失败！
[ERROR] 2016-05-29 00:34:49,153                util.CommonUtil 连接超时：{}
java.net.ConnectException: Connection timed out: connect
	at java.net.DualStackPlainSocketImpl.connect0(Native Method)
	at java.net.DualStackPlainSocketImpl.socketConnect(DualStackPlainSocketImpl.java:79)
	at java.net.AbstractPlainSocketImpl.doConnect(AbstractPlainSocketImpl.java:339)
	at java.net.AbstractPlainSocketImpl.connectToAddress(AbstractPlainSocketImpl.java:200)
	at java.net.AbstractPlainSocketImpl.connect(AbstractPlainSocketImpl.java:182)
	at java.net.PlainSocketImpl.connect(PlainSocketImpl.java:172)
	at java.net.SocksSocketImpl.connect(SocksSocketImpl.java:392)
	at java.net.Socket.connect(Socket.java:579)
	at sun.security.ssl.SSLSocketImpl.connect(SSLSocketImpl.java:618)
	at sun.security.ssl.BaseSSLSocketImpl.connect(BaseSSLSocketImpl.java:160)
	at sun.net.NetworkClient.doConnect(NetworkClient.java:180)
	at sun.net.www.http.HttpClient.openServer(HttpClient.java:432)
	at sun.net.www.http.HttpClient.openServer(HttpClient.java:527)
	at sun.net.www.protocol.https.HttpsClient.<init>(HttpsClient.java:275)
	at sun.net.www.protocol.https.HttpsClient.New(HttpsClient.java:371)
	at sun.net.www.protocol.https.AbstractDelegateHttpsURLConnection.getNewHttpClient(AbstractDelegateHttpsURLConnection.java:191)
	at sun.net.www.protocol.http.HttpURLConnection.plainConnect(HttpURLConnection.java:932)
	at sun.net.www.protocol.https.AbstractDelegateHttpsURLConnection.connect(AbstractDelegateHttpsURLConnection.java:177)
	at sun.net.www.protocol.http.HttpURLConnection.getInputStream(HttpURLConnection.java:1300)
	at sun.net.www.protocol.https.HttpsURLConnectionImpl.getInputStream(HttpsURLConnectionImpl.java:254)
	at util.CommonUtil.httpsRequest(CommonUtil.java:72)
	at util.CommonUtil.getToken(CommonUtil.java:107)
	at org.liufeng.weixin.main.MenuManager.main(MenuManager.java:105)
[ERROR] 2016-05-29 00:35:57,500                  util.MenuUtil 创建菜单失败 errcode:40054 errmsg:invalid sub button url domain hint: [9T5b40357vr19]
[INFO ] 2016-05-29 00:35:57,500 org.liufeng.weixin.main.MenuManager 菜单创建失败！
